<?xml version="1.0" encoding="UTF-8"?>
<testsuite xmlns:xsi="http://www.w3.org/2001/XMLSchema-instance" xsi:noNamespaceSchemaLocation="https://maven.apache.org/surefire/maven-surefire-plugin/xsd/surefire-test-report-3.0.xsd" version="3.0" name="circulo.FiguraCirculoTest" time="0.078" tests="10" errors="0" skipped="0" failures="0">
  <properties>
[...]
</properties>
  <testcase name="testTrasladarCentro" classname="circulo.FiguraCirculoTest" time="0.029">
    <system-out><![CDATA[trasladarCentro
]]></system-out>
  </testcase>
  <testcase name="testObtenerDiametro" classname="circulo.FiguraCirculoTest" time="0.003">
    <system-out><![CDATA[obtenerDiametro
]]></system-out>
  </testcase>
  <testcase name="testEstablecerX" classname="circulo.FiguraCirculoTest" time="0.002">
    <system-out><![CDATA[establecerX
]]></system-out>
  </testcase>
  <testcase name="testEstablecerY" classname="circulo.FiguraCirculoTest" time="0.002">
    <system-out><![CDATA[establecerY
]]></system-out>
  </testcase>
  <testcase name="testObtenerCircunferencia" classname="circulo.FiguraCirculoTest" time="0.002">
    <system-out><![CDATA[obtenerCircunferencia
]]></system-out>
  </testcase>
  <testcase name="testObtenerRadio" classname="circulo.FiguraCirculoTest" time="0.002">
    <system-out><![CDATA[obtenerRadio
]]></system-out>
  </testcase>
  <testcase name="testEstablecerRadio" classname="circulo.FiguraCirculoTest" time="0.002">
    <system-out><![CDATA[establecerRadio
]]></system-out>
  </testcase>
  <testcase name="testObtenerX" classname="circulo.FiguraCirculoTest" time="0.002">
    <system-out><![CDATA[obtenerX
]]></system-out>
  </testcase>
  <testcase name="testObtenerY" classname="circulo.FiguraCirculoTest" time="0.002">
    <system-out><![CDATA[obtenerY
]]></system-out>
  </testcase>
  <testcase name="testAreaFiguraCirculo" classname="circulo.FiguraCirculoTest" time="0.002">
    <system-out><![CDATA[obtenerArea
]]></system-out>
  </testcase>
</testsuite>